#-----------------------------------------------------------
# Vivado v2024.2 (64-bit)
# SW Build 5239630 on Fri Nov 08 22:35:27 MST 2024
# IP Build 5239520 on Sun Nov 10 16:12:51 MST 2024
# SharedData Build 5239561 on Fri Nov 08 14:39:27 MST 2024
# Start of session at: Sat Dec  7 01:42:03 2024
# Process ID         : 11144
# Current directory  : C:/Users/tikpo/OneDrive/Documents/github/CPE222-Final-Project/CPE222 Final Project
# Command line       : vivado.exe -gui_launcher_event rodinguilauncherevent11208 C:\Users\tikpo\OneDrive\Documents\github\CPE222-Final-Project\CPE222 Final Project\CPE222 Final Project.xpr
# Log file           : C:/Users/tikpo/OneDrive/Documents/github/CPE222-Final-Project/CPE222 Final Project/vivado.log
# Journal file       : C:/Users/tikpo/OneDrive/Documents/github/CPE222-Final-Project/CPE222 Final Project\vivado.jou
# Running On         : DESKTOP-RDVATL1
# Platform           : Windows Server 2016 or Windows 10
# Operating System   : 22631
# Processor Detail   : AMD Ryzen 7 2700 Eight-Core Processor          
# CPU Frequency      : 3194 MHz
# CPU Physical cores : 8
# CPU Logical cores  : 16
# Host memory        : 17099 MB
# Swap memory        : 23622 MB
# Total Virtual      : 40721 MB
# Available Virtual  : 14011 MB
#-----------------------------------------------------------
start_gui
open_project {C:/Users/tikpo/OneDrive/Documents/github/CPE222-Final-Project/CPE222 Final Project/CPE222 Final Project.xpr}
INFO: [ProjectBase 1-489] The host OS only allows 260 characters in a normal path. The project is stored in a path with more than 80 characters. If you experience issues with IP, Block Designs, or files not being found, please consider moving the project to a location with a shorter path. Alternately consider using the OS subst command to map part of the path to a drive letter.
Current project path is 'C:/Users/tikpo/OneDrive/Documents/github/CPE222-Final-Project/CPE222 Final Project'
INFO: [filemgmt 56-3] Default IP Output Path : Could not find the directory 'C:/Users/tikpo/OneDrive/Documents/github/CPE222-Final-Project/CPE222 Final Project/CPE222 Final Project.gen/sources_1'.
Scanning sources...
Finished scanning sources
INFO: [IP_Flow 19-234] Refreshing IP repositories
INFO: [IP_Flow 19-1704] No user IP repositories specified
INFO: [IP_Flow 19-2313] Loaded Vivado IP repository 'D:/Xilinx/Vivado/2024.2/data/ip'.
open_project: Time (s): cpu = 00:00:09 ; elapsed = 00:00:10 . Memory (MB): peak = 1267.738 ; gain = 156.168
update_compile_order -fileset sources_1
exit
INFO: [Common 17-206] Exiting Vivado at Sat Dec  7 01:42:49 2024...
