
*** Running vivado
    with args -log security_clock_system.vds -m64 -product Vivado -mode batch -messageDb vivado.pb -notrace -source security_clock_system.tcl



****** Vivado v2024.2 (64-bit)
  **** SW Build 5239630 on Fri Nov 08 22:35:27 MST 2024
  **** IP Build 5239520 on Sun Nov 10 16:12:51 MST 2024
  **** SharedData Build 5239561 on Fri Nov 08 14:39:27 MST 2024
  **** Start of session at: Sun Dec  8 06:52:27 2024
    ** Copyright 1986-2022 Xilinx, Inc. All Rights Reserved.
    ** Copyright 2022-2024 Advanced Micro Devices, Inc. All Rights Reserved.

source security_clock_system.tcl -notrace
Command: read_checkpoint -auto_incremental -incremental C:/Users/tikpo/OneDrive/Documents/github/CPE222-Final-Project/final/final.srcs/utils_1/imports/synth_1/main_system.dcp
INFO: [Vivado 12-5825] Read reference checkpoint from C:/Users/tikpo/OneDrive/Documents/github/CPE222-Final-Project/final/final.srcs/utils_1/imports/synth_1/main_system.dcp for incremental synthesis
INFO: [Vivado 12-7989] Please ensure there are no constraint changes
Command: synth_design -top security_clock_system -part xc7a35tcpg236-1
Starting synth_design
Attempting to get a license for feature 'Synthesis' and/or device 'xc7a35t'
INFO: [Common 17-349] Got license for feature 'Synthesis' and/or device 'xc7a35t'
INFO: [Device 21-403] Loading part xc7a35tcpg236-1
INFO: [Designutils 20-5440] No compile time benefit to using incremental synthesis; A full resynthesis will be run
INFO: [Designutils 20-4379] Flow is switching to default flow due to incremental criteria not met. If you would like to alter this behaviour and have the flow terminate instead, please set the following parameter config_implementation {autoIncr.Synth.RejectBehavior Terminate}
INFO: [Synth 8-7079] Multithreading enabled for synth_design using a maximum of 2 processes.
INFO: [Synth 8-7078] Launching helper process for spawning children vivado processes
INFO: [Synth 8-7075] Helper process launched with PID 14508
---------------------------------------------------------------------------------
Starting RTL Elaboration : Time (s): cpu = 00:00:07 ; elapsed = 00:00:08 . Memory (MB): peak = 1028.621 ; gain = 468.285
---------------------------------------------------------------------------------
INFO: [Synth 8-6157] synthesizing module 'security_clock_system' [C:/Users/tikpo/OneDrive/Documents/github/CPE222-Final-Project/final/final.srcs/sources_1/new/security_system.v:1]
INFO: [Synth 8-6157] synthesizing module 'clock_divider' [C:/Users/tikpo/OneDrive/Documents/github/CPE222-Final-Project/final/final.srcs/sources_1/new/clock_divider.v:1]
INFO: [Synth 8-6155] done synthesizing module 'clock_divider' (0#1) [C:/Users/tikpo/OneDrive/Documents/github/CPE222-Final-Project/final/final.srcs/sources_1/new/clock_divider.v:1]
INFO: [Synth 8-6157] synthesizing module 'multiplexing_clock' [C:/Users/tikpo/OneDrive/Documents/github/CPE222-Final-Project/final/final.srcs/sources_1/new/multiplexing_clock.v:1]
INFO: [Synth 8-6155] done synthesizing module 'multiplexing_clock' (0#1) [C:/Users/tikpo/OneDrive/Documents/github/CPE222-Final-Project/final/final.srcs/sources_1/new/multiplexing_clock.v:1]
INFO: [Synth 8-6157] synthesizing module 'clock_time' [C:/Users/tikpo/OneDrive/Documents/github/CPE222-Final-Project/final/final.srcs/sources_1/new/clock_time.v:1]
INFO: [Synth 8-6155] done synthesizing module 'clock_time' (0#1) [C:/Users/tikpo/OneDrive/Documents/github/CPE222-Final-Project/final/final.srcs/sources_1/new/clock_time.v:1]
INFO: [Synth 8-6157] synthesizing module 'seven_seg_display' [C:/Users/tikpo/OneDrive/Documents/github/CPE222-Final-Project/final/final.srcs/sources_1/new/seven_seg_display.v:1]
INFO: [Synth 8-6157] synthesizing module 'seven_seg_decoder' [C:/Users/tikpo/OneDrive/Documents/github/CPE222-Final-Project/final/final.srcs/sources_1/new/seven_seg_decoder.v:1]
INFO: [Synth 8-6155] done synthesizing module 'seven_seg_decoder' (0#1) [C:/Users/tikpo/OneDrive/Documents/github/CPE222-Final-Project/final/final.srcs/sources_1/new/seven_seg_decoder.v:1]
INFO: [Synth 8-6155] done synthesizing module 'seven_seg_display' (0#1) [C:/Users/tikpo/OneDrive/Documents/github/CPE222-Final-Project/final/final.srcs/sources_1/new/seven_seg_display.v:1]
WARNING: [Synth 8-689] width (32) of port connection 'dig0' does not match port width (4) of module 'seven_seg_display' [C:/Users/tikpo/OneDrive/Documents/github/CPE222-Final-Project/final/final.srcs/sources_1/new/security_system.v:53]
WARNING: [Synth 8-689] width (32) of port connection 'dig1' does not match port width (4) of module 'seven_seg_display' [C:/Users/tikpo/OneDrive/Documents/github/CPE222-Final-Project/final/final.srcs/sources_1/new/security_system.v:54]
WARNING: [Synth 8-689] width (32) of port connection 'dig2' does not match port width (4) of module 'seven_seg_display' [C:/Users/tikpo/OneDrive/Documents/github/CPE222-Final-Project/final/final.srcs/sources_1/new/security_system.v:55]
WARNING: [Synth 8-689] width (32) of port connection 'dig3' does not match port width (4) of module 'seven_seg_display' [C:/Users/tikpo/OneDrive/Documents/github/CPE222-Final-Project/final/final.srcs/sources_1/new/security_system.v:56]
INFO: [Synth 8-6155] done synthesizing module 'security_clock_system' (0#1) [C:/Users/tikpo/OneDrive/Documents/github/CPE222-Final-Project/final/final.srcs/sources_1/new/security_system.v:1]
WARNING: [Synth 8-7137] Register seg_reg in module seven_seg_display has both Set and reset with same priority. This may cause simulation mismatches. Consider rewriting code  [C:/Users/tikpo/OneDrive/Documents/github/CPE222-Final-Project/final/final.srcs/sources_1/new/seven_seg_display.v:28]
WARNING: [Synth 8-7129] Port sw[9] in module security_clock_system is either unconnected or has no load
WARNING: [Synth 8-7129] Port sw[8] in module security_clock_system is either unconnected or has no load
WARNING: [Synth 8-7129] Port sw[7] in module security_clock_system is either unconnected or has no load
WARNING: [Synth 8-7129] Port sw[6] in module security_clock_system is either unconnected or has no load
WARNING: [Synth 8-7129] Port sw[5] in module security_clock_system is either unconnected or has no load
WARNING: [Synth 8-7129] Port sw[4] in module security_clock_system is either unconnected or has no load
---------------------------------------------------------------------------------
Finished RTL Elaboration : Time (s): cpu = 00:00:09 ; elapsed = 00:00:10 . Memory (MB): peak = 1134.805 ; gain = 574.469
---------------------------------------------------------------------------------
---------------------------------------------------------------------------------
Start Handling Custom Attributes
---------------------------------------------------------------------------------
---------------------------------------------------------------------------------
Finished Handling Custom Attributes : Time (s): cpu = 00:00:09 ; elapsed = 00:00:10 . Memory (MB): peak = 1134.805 ; gain = 574.469
---------------------------------------------------------------------------------
---------------------------------------------------------------------------------
Finished RTL Optimization Phase 1 : Time (s): cpu = 00:00:09 ; elapsed = 00:00:10 . Memory (MB): peak = 1134.805 ; gain = 574.469
---------------------------------------------------------------------------------
Netlist sorting complete. Time (s): cpu = 00:00:00 ; elapsed = 00:00:00.006 . Memory (MB): peak = 1134.805 ; gain = 0.000
INFO: [Project 1-570] Preparing netlist for logic optimization

Processing XDC Constraints
Initializing timing engine
Parsing XDC File [C:/Users/tikpo/OneDrive/Documents/github/CPE222-Final-Project/final/Basys-3-Master-2022.xdc]
WARNING: [Vivado 12-584] No ports matched 'set_mode'. [C:/Users/tikpo/OneDrive/Documents/github/CPE222-Final-Project/final/Basys-3-Master-2022.xdc:30]
CRITICAL WARNING: [Common 17-161] Invalid option value '#' specified for 'objects'. [C:/Users/tikpo/OneDrive/Documents/github/CPE222-Final-Project/final/Basys-3-Master-2022.xdc:30]
WARNING: [Vivado 12-584] No ports matched 'inc_hour'. [C:/Users/tikpo/OneDrive/Documents/github/CPE222-Final-Project/final/Basys-3-Master-2022.xdc:32]
CRITICAL WARNING: [Common 17-161] Invalid option value '#' specified for 'objects'. [C:/Users/tikpo/OneDrive/Documents/github/CPE222-Final-Project/final/Basys-3-Master-2022.xdc:32]
WARNING: [Vivado 12-584] No ports matched 'dec_hour'. [C:/Users/tikpo/OneDrive/Documents/github/CPE222-Final-Project/final/Basys-3-Master-2022.xdc:33]
CRITICAL WARNING: [Common 17-161] Invalid option value '#' specified for 'objects'. [C:/Users/tikpo/OneDrive/Documents/github/CPE222-Final-Project/final/Basys-3-Master-2022.xdc:33]
WARNING: [Vivado 12-584] No ports matched 'inc_minute'. [C:/Users/tikpo/OneDrive/Documents/github/CPE222-Final-Project/final/Basys-3-Master-2022.xdc:34]
CRITICAL WARNING: [Common 17-161] Invalid option value '#' specified for 'objects'. [C:/Users/tikpo/OneDrive/Documents/github/CPE222-Final-Project/final/Basys-3-Master-2022.xdc:34]
WARNING: [Vivado 12-584] No ports matched 'dec_minute'. [C:/Users/tikpo/OneDrive/Documents/github/CPE222-Final-Project/final/Basys-3-Master-2022.xdc:35]
CRITICAL WARNING: [Common 17-161] Invalid option value '#' specified for 'objects'. [C:/Users/tikpo/OneDrive/Documents/github/CPE222-Final-Project/final/Basys-3-Master-2022.xdc:35]
WARNING: [Vivado 12-584] No ports matched 'up_button[0]'. [C:/Users/tikpo/OneDrive/Documents/github/CPE222-Final-Project/final/Basys-3-Master-2022.xdc:57]
CRITICAL WARNING: [Common 17-55] 'set_property' expects at least one object. [C:/Users/tikpo/OneDrive/Documents/github/CPE222-Final-Project/final/Basys-3-Master-2022.xdc:57]
Resolution: If [get_<value>] was used to populate the object, check to make sure this command returns at least one valid object.
WARNING: [Vivado 12-584] No ports matched 'up_button[1]'. [C:/Users/tikpo/OneDrive/Documents/github/CPE222-Final-Project/final/Basys-3-Master-2022.xdc:58]
CRITICAL WARNING: [Common 17-55] 'set_property' expects at least one object. [C:/Users/tikpo/OneDrive/Documents/github/CPE222-Final-Project/final/Basys-3-Master-2022.xdc:58]
Resolution: If [get_<value>] was used to populate the object, check to make sure this command returns at least one valid object.
WARNING: [Vivado 12-584] No ports matched 'up_button[2]'. [C:/Users/tikpo/OneDrive/Documents/github/CPE222-Final-Project/final/Basys-3-Master-2022.xdc:59]
CRITICAL WARNING: [Common 17-55] 'set_property' expects at least one object. [C:/Users/tikpo/OneDrive/Documents/github/CPE222-Final-Project/final/Basys-3-Master-2022.xdc:59]
Resolution: If [get_<value>] was used to populate the object, check to make sure this command returns at least one valid object.
WARNING: [Vivado 12-584] No ports matched 'up_button[3]'. [C:/Users/tikpo/OneDrive/Documents/github/CPE222-Final-Project/final/Basys-3-Master-2022.xdc:60]
CRITICAL WARNING: [Common 17-55] 'set_property' expects at least one object. [C:/Users/tikpo/OneDrive/Documents/github/CPE222-Final-Project/final/Basys-3-Master-2022.xdc:60]
Resolution: If [get_<value>] was used to populate the object, check to make sure this command returns at least one valid object.
Finished Parsing XDC File [C:/Users/tikpo/OneDrive/Documents/github/CPE222-Final-Project/final/Basys-3-Master-2022.xdc]
INFO: [Project 1-236] Implementation specific constraints were found while reading constraint file [C:/Users/tikpo/OneDrive/Documents/github/CPE222-Final-Project/final/Basys-3-Master-2022.xdc]. These constraints will be ignored for synthesis but will be used in implementation. Impacted constraints are listed in the file [.Xil/security_clock_system_propImpl.xdc].
Resolution: To avoid this warning, move constraints listed in [.Xil/security_clock_system_propImpl.xdc] to another XDC file and exclude this new file from synthesis with the used_in_synthesis property (File Properties dialog in GUI) and re-run elaboration/synthesis.
Completed Processing XDC Constraints

Netlist sorting complete. Time (s): cpu = 00:00:00 ; elapsed = 00:00:00 . Memory (MB): peak = 1224.305 ; gain = 0.000
INFO: [Project 1-111] Unisim Transformation Summary:
No Unisim elements were transformed.

Constraint Validation Runtime : Time (s): cpu = 00:00:00 ; elapsed = 00:00:00.004 . Memory (MB): peak = 1224.305 ; gain = 0.000
INFO: [Designutils 20-5440] No compile time benefit to using incremental synthesis; A full resynthesis will be run
INFO: [Designutils 20-4379] Flow is switching to default flow due to incremental criteria not met. If you would like to alter this behaviour and have the flow terminate instead, please set the following parameter config_implementation {autoIncr.Synth.RejectBehavior Terminate}
---------------------------------------------------------------------------------
Finished Constraint Validation : Time (s): cpu = 00:00:19 ; elapsed = 00:00:21 . Memory (MB): peak = 1224.305 ; gain = 663.969
---------------------------------------------------------------------------------
---------------------------------------------------------------------------------
Start Loading Part and Timing Information
---------------------------------------------------------------------------------
Loading part: xc7a35tcpg236-1
---------------------------------------------------------------------------------
Finished Loading Part and Timing Information : Time (s): cpu = 00:00:19 ; elapsed = 00:00:21 . Memory (MB): peak = 1224.305 ; gain = 663.969
---------------------------------------------------------------------------------
---------------------------------------------------------------------------------
Start Applying 'set_property' XDC Constraints
---------------------------------------------------------------------------------
---------------------------------------------------------------------------------
Finished applying 'set_property' XDC Constraints : Time (s): cpu = 00:00:19 ; elapsed = 00:00:21 . Memory (MB): peak = 1224.305 ; gain = 663.969
---------------------------------------------------------------------------------
---------------------------------------------------------------------------------
Finished RTL Optimization Phase 2 : Time (s): cpu = 00:00:20 ; elapsed = 00:00:22 . Memory (MB): peak = 1224.305 ; gain = 663.969
---------------------------------------------------------------------------------
---------------------------------------------------------------------------------
Start RTL Component Statistics 
---------------------------------------------------------------------------------
Detailed RTL Component Info : 
+---Adders : 
	   2 Input   27 Bit       Adders := 1     
	   2 Input   25 Bit       Adders := 1     
	   2 Input   16 Bit       Adders := 1     
	   2 Input    6 Bit       Adders := 2     
	   2 Input    5 Bit       Adders := 1     
	   2 Input    2 Bit       Adders := 1     
+---Registers : 
	               27 Bit    Registers := 1     
	               25 Bit    Registers := 1     
	               16 Bit    Registers := 2     
	                7 Bit    Registers := 1     
	                6 Bit    Registers := 2     
	                5 Bit    Registers := 1     
	                4 Bit    Registers := 3     
	                3 Bit    Registers := 1     
	                2 Bit    Registers := 1     
	                1 Bit    Registers := 7     
+---Muxes : 
	   2 Input   25 Bit        Muxes := 3     
	   2 Input   16 Bit        Muxes := 7     
	   4 Input    7 Bit        Muxes := 1     
	   2 Input    5 Bit        Muxes := 1     
	   4 Input    4 Bit        Muxes := 2     
	   4 Input    3 Bit        Muxes := 1     
	   2 Input    1 Bit        Muxes := 23    
---------------------------------------------------------------------------------
Finished RTL Component Statistics 
---------------------------------------------------------------------------------
---------------------------------------------------------------------------------
Start Part Resource Summary
---------------------------------------------------------------------------------
Part Resources:
DSPs: 90 (col length:60)
BRAMs: 100 (col length: RAMB18 60 RAMB36 30)
---------------------------------------------------------------------------------
Finished Part Resource Summary
---------------------------------------------------------------------------------
---------------------------------------------------------------------------------
Start Cross Boundary and Area Optimization
---------------------------------------------------------------------------------
WARNING: [Synth 8-7080] Parallel synthesis criteria is not met
WARNING: [Synth 8-7129] Port sw[9] in module security_clock_system is either unconnected or has no load
WARNING: [Synth 8-7129] Port sw[8] in module security_clock_system is either unconnected or has no load
WARNING: [Synth 8-7129] Port sw[7] in module security_clock_system is either unconnected or has no load
WARNING: [Synth 8-7129] Port sw[6] in module security_clock_system is either unconnected or has no load
WARNING: [Synth 8-7129] Port sw[5] in module security_clock_system is either unconnected or has no load
WARNING: [Synth 8-7129] Port sw[4] in module security_clock_system is either unconnected or has no load
---------------------------------------------------------------------------------
Finished Cross Boundary and Area Optimization : Time (s): cpu = 00:00:25 ; elapsed = 00:00:27 . Memory (MB): peak = 1224.305 ; gain = 663.969
---------------------------------------------------------------------------------
---------------------------------------------------------------------------------
Start Applying XDC Timing Constraints
---------------------------------------------------------------------------------
---------------------------------------------------------------------------------
Finished Applying XDC Timing Constraints : Time (s): cpu = 00:00:33 ; elapsed = 00:00:36 . Memory (MB): peak = 1332.473 ; gain = 772.137
---------------------------------------------------------------------------------
---------------------------------------------------------------------------------
Start Timing Optimization
---------------------------------------------------------------------------------
---------------------------------------------------------------------------------
Finished Timing Optimization : Time (s): cpu = 00:00:33 ; elapsed = 00:00:36 . Memory (MB): peak = 1352.551 ; gain = 792.215
---------------------------------------------------------------------------------
---------------------------------------------------------------------------------
Start Technology Mapping
---------------------------------------------------------------------------------
---------------------------------------------------------------------------------
Finished Technology Mapping : Time (s): cpu = 00:00:33 ; elapsed = 00:00:36 . Memory (MB): peak = 1352.551 ; gain = 792.215
---------------------------------------------------------------------------------
---------------------------------------------------------------------------------
Start IO Insertion
---------------------------------------------------------------------------------
---------------------------------------------------------------------------------
Start Flattening Before IO Insertion
---------------------------------------------------------------------------------
---------------------------------------------------------------------------------
Finished Flattening Before IO Insertion
---------------------------------------------------------------------------------
---------------------------------------------------------------------------------
Start Final Netlist Cleanup
---------------------------------------------------------------------------------
---------------------------------------------------------------------------------
Finished Final Netlist Cleanup
---------------------------------------------------------------------------------
---------------------------------------------------------------------------------
Finished IO Insertion : Time (s): cpu = 00:00:38 ; elapsed = 00:00:41 . Memory (MB): peak = 1558.789 ; gain = 998.453
---------------------------------------------------------------------------------
---------------------------------------------------------------------------------
Start Renaming Generated Instances
---------------------------------------------------------------------------------
---------------------------------------------------------------------------------
Finished Renaming Generated Instances : Time (s): cpu = 00:00:38 ; elapsed = 00:00:41 . Memory (MB): peak = 1558.789 ; gain = 998.453
---------------------------------------------------------------------------------
---------------------------------------------------------------------------------
Start Rebuilding User Hierarchy
---------------------------------------------------------------------------------
---------------------------------------------------------------------------------
Finished Rebuilding User Hierarchy : Time (s): cpu = 00:00:38 ; elapsed = 00:00:41 . Memory (MB): peak = 1558.789 ; gain = 998.453
---------------------------------------------------------------------------------
---------------------------------------------------------------------------------
Start Renaming Generated Ports
---------------------------------------------------------------------------------
---------------------------------------------------------------------------------
Finished Renaming Generated Ports : Time (s): cpu = 00:00:38 ; elapsed = 00:00:41 . Memory (MB): peak = 1558.789 ; gain = 998.453
---------------------------------------------------------------------------------
---------------------------------------------------------------------------------
Start Handling Custom Attributes
---------------------------------------------------------------------------------
---------------------------------------------------------------------------------
Finished Handling Custom Attributes : Time (s): cpu = 00:00:38 ; elapsed = 00:00:41 . Memory (MB): peak = 1558.789 ; gain = 998.453
---------------------------------------------------------------------------------
---------------------------------------------------------------------------------
Start Renaming Generated Nets
---------------------------------------------------------------------------------
---------------------------------------------------------------------------------
Finished Renaming Generated Nets : Time (s): cpu = 00:00:38 ; elapsed = 00:00:41 . Memory (MB): peak = 1558.789 ; gain = 998.453
---------------------------------------------------------------------------------
---------------------------------------------------------------------------------
Start Writing Synthesis Report
---------------------------------------------------------------------------------

Report BlackBoxes: 
+-+--------------+----------+
| |BlackBox name |Instances |
+-+--------------+----------+
+-+--------------+----------+

Report Cell Usage: 
+------+-------+------+
|      |Cell   |Count |
+------+-------+------+
|1     |BUFG   |     1|
|2     |CARRY4 |    17|
|3     |LUT1   |     6|
|4     |LUT2   |    12|
|5     |LUT3   |    33|
|6     |LUT4   |    43|
|7     |LUT5   |    15|
|8     |LUT6   |    51|
|9     |MUXF7  |     2|
|10    |FDCE   |   103|
|11    |FDPE   |     8|
|12    |FDRE   |     7|
|13    |IBUF   |    12|
|14    |OBUF   |    35|
+------+-------+------+
---------------------------------------------------------------------------------
Finished Writing Synthesis Report : Time (s): cpu = 00:00:38 ; elapsed = 00:00:41 . Memory (MB): peak = 1558.789 ; gain = 998.453
---------------------------------------------------------------------------------
Synthesis finished with 0 errors, 0 critical warnings and 7 warnings.
Synthesis Optimization Runtime : Time (s): cpu = 00:00:26 ; elapsed = 00:00:39 . Memory (MB): peak = 1558.789 ; gain = 908.953
Synthesis Optimization Complete : Time (s): cpu = 00:00:38 ; elapsed = 00:00:41 . Memory (MB): peak = 1558.789 ; gain = 998.453
INFO: [Project 1-571] Translating synthesized netlist
Netlist sorting complete. Time (s): cpu = 00:00:00 ; elapsed = 00:00:00.005 . Memory (MB): peak = 1558.789 ; gain = 0.000
INFO: [Netlist 29-17] Analyzing 19 Unisim elements for replacement
INFO: [Netlist 29-28] Unisim Transformation completed in 0 CPU seconds
INFO: [Project 1-570] Preparing netlist for logic optimization
INFO: [Opt 31-138] Pushed 0 inverter(s) to 0 load pin(s).
Netlist sorting complete. Time (s): cpu = 00:00:00 ; elapsed = 00:00:00 . Memory (MB): peak = 1558.789 ; gain = 0.000
INFO: [Project 1-111] Unisim Transformation Summary:
No Unisim elements were transformed.

Synth Design complete | Checksum: dfdb0826
INFO: [Common 17-83] Releasing license: Synthesis
33 Infos, 27 Warnings, 9 Critical Warnings and 0 Errors encountered.
synth_design completed successfully
synth_design: Time (s): cpu = 00:00:42 ; elapsed = 00:00:49 . Memory (MB): peak = 1558.789 ; gain = 1188.695
INFO: [runtcl-6] Synthesis results are not added to the cache due to CRITICAL_WARNING
Write ShapeDB Complete: Time (s): cpu = 00:00:00 ; elapsed = 00:00:00.003 . Memory (MB): peak = 1558.789 ; gain = 0.000
INFO: [Common 17-1381] The checkpoint 'C:/Users/tikpo/OneDrive/Documents/github/CPE222-Final-Project/final/final.runs/synth_1/security_clock_system.dcp' has been generated.
INFO: [Vivado 12-24828] Executing command : report_utilization -file security_clock_system_utilization_synth.rpt -pb security_clock_system_utilization_synth.pb
INFO: [Common 17-206] Exiting Vivado at Sun Dec  8 06:53:24 2024...
